IQ-TREE multicore version 2.2.2.2 COVID-edition for Linux 64-bit built Feb 10 2023
Developed by Bui Quang Minh, James Barbetti, Nguyen Lam Tung,
Olga Chernomor, Heiko Schmidt, Dominik Schrempf, Michael Woodhams, Ly Trong Nhan.

Host:    c027.hpc.nesi.org.nz (AVX512, FMA3, 376 GB RAM)
Command: iqtree -s STEC_Clade2.fasta -m MF
Seed:    519879 (Using SPRNG - Scalable Parallel Random Number Generator)
Time:    Tue Jun 23 16:24:58 2026
Kernel:  AVX+FMA - 1 threads (32 CPU cores detected)

HINT: Use -nt option to specify number of threads because your CPU has 32 cores!
HINT: -nt AUTO will automatically determine the best number of threads to use.

Reading alignment file STEC_Clade2.fasta ... Fasta format detected
Reading fasta file: done in 0.00278852 secs using 52.14% CPU
Alignment most likely contains DNA/RNA sequences
Constructing alignment: done in 0.00461962 secs using 53.42% CPU
Alignment has 46 sequences with 3698 columns, 274 distinct patterns
137 parsimony-informative, 733 singleton sites, 2828 constant sites
                                        Gap/Ambiguity  Composition  p-value
Analyzing sequences: done in 2.54475e-05 secs using 94.31% CPU
   1  13ER-4703|WY12a|SI|bovine|31/07/2013      0.00%    passed     99.95%
   2  13ER-5169|WY12a|NI|bovine|28/08/2013      0.00%    passed     97.45%
   3  14ER-2496|WY12a|NI|bovine|12/08/2014      0.00%    passed     99.52%
   4  14ER-3009|WY12a|SI|bovine|18/09/2014      0.00%    passed     99.99%
   5  36ST-1|WY12a|NI|bovine|23/08/2008         0.00%    passed     99.63%
   6  ERL-04-3328|WY12a|NI|human|20/10/2004     0.00%    passed     82.22%
   7  ERL-05-1243|WY12a|NI|human|24/03/2005     0.00%    passed     99.52%
   8  ERL-06-677|WY12a|NI|human|8/12/2006       0.00%    passed     99.88%
   9  ERL-07-3071|WY12a|SI|human|14/09/2007     0.00%    passed     99.87%
  10  ERL-08-2124|WY12a|SI|human|4/06/2008      0.00%    passed     99.66%
  11  ERL_051037|Y1|SI|human|24/03/2005         0.00%    passed     97.88%
  12  ERL_07467|WY12a|NI|human|15/02/2007       0.00%    passed     99.29%
  13  ERL_084313|Y2c|SI|human|28/11/2008        0.00%    passed     45.82%
  14  ERL04-1335|WY12a||human|26/04/2004        0.00%    passed     99.90%
  15  ERL04-2149|WY12a|NI|bovine|23/07/2004     0.00%    passed     99.76%
  16  ERL04-3193|WY12a|SI|bovine|8/10/2004      0.00%    passed     99.36%
  17  ERL04-3264|WY12a|SI|bovine|15/10/2004     0.00%    passed     99.36%
  18  ERL05-2493|WY12a|NI|bovine|29/07/2005     0.00%    passed     99.85%
  19  ERL05-623|WY12a|SI|bovine|8/12/2005       0.00%    passed     99.90%
  20  ERL06-3117|WY12a|SI|bovine|21/08/2006     0.00%    passed     99.79%
  21  ERL06-3513|WY12a|NI|bovine|11/09/2006     0.00%    passed     99.66%
  22  ERL07-2638|WY12a|NI|bovine|6/08/2007      0.00%    passed     99.99%
  23  ERL08-2000|SY2c|NI|human|26/05/2008       0.00%    passed     35.74%
  24  ERL08949|WY12a|NI|human|27/11/2008        0.00%    passed     99.82%
  25  ERL09-3051|WY12a|NI|human|29/08/2009      0.00%    passed     99.82%
  26  ERL09-3411|WY1|SI|bovine|30/09/2009       0.00%    passed     99.67%
  27  ERL093134|WY12a|SI|human|23/09/2009       0.00%    passed     99.98%
  28  ERL10-2267|WY12a|SI|bovine|12/07/2010     0.00%    passed     99.84%
  29  ERL101381|WY12a|SI|human|9/11/2009        0.00%    passed     99.98%
  30  ERL101788|WY12a|NI|human|5/05/2010        0.00%    passed     99.87%
  31  ERL11-2437|WY12a|NI|bovine|8/06/2011      0.00%    passed     99.82%
  32  ERL11-2652|WY12a|SI|bovine|23/07/2011     0.00%    passed     99.92%
  33  ERL11-411|AWY12a|NI|human|27/10/2011      0.00%    passed     99.09%
  34  ERL111878|WY12a|NI|human|4/05/2011        0.00%    passed     99.92%
  35  ERL112838|WY12a|SI|human|22/08/2011       0.00%    passed     99.67%
  36  ERL12-857|Y1|NI|human|17/02/2012          0.00%    passed     99.98%
  37  ERL121115|WY12a|NI|human|8/02/2011        0.00%    passed     99.87%
  38  ERL121207|WY12a|SI|human|31/03/2012       0.00%    passed     99.87%
  39  H12ESR-1893|WY1|SI|bovine|14/10/2010      0.00%    passed     99.91%
  40  H12ESR-3001|WY12a|NI|bovine|23/08/2012    0.00%    passed     99.10%
  41  H13ER-3948|WY12a|NI|human|1/11/2012       0.00%    passed     99.88%
  42  H13ESR-1331|WY12a|SI|human|27/11/2013     0.00%    passed     99.34%
  43  H14ER-1075|WY12a|SI|human|29/04/2013      0.00%    passed     99.09%
  44  H14ER-1245|WY12a|NI|human|7/01/2014       0.00%    passed     99.38%
  45  H174a|WY12a|NI|bovine|24/03/2011          0.00%    passed     99.86%
  46  h25a|WY12a|NI|bovine|21/08/2009           0.00%    passed     99.29%
****  TOTAL                                     0.00%  0 sequences failed composition chi2 test (p-value<5%; df=3)
NOTE: ERL04-3264|WY12a|SI|bovine|15/10/2004 is identical to ERL04-3193|WY12a|SI|bovine|8/10/2004 but kept for subsequent analysis
NOTE: ERL121207|WY12a|SI|human|31/03/2012 is identical to ERL121115|WY12a|NI|human|8/02/2011 but kept for subsequent analysis
Checking for duplicate sequences: done in 0.000136506 secs using 99.63% CPU

Creating fast initial parsimony tree by random order stepwise addition...
0.006 seconds, parsimony score: 872 (based on 870 sites)
Perform fast likelihood tree search using GTR+I+G model...
Estimate model parameters (epsilon = 5.000)
Perform nearest neighbor interchange...
Optimizing NNI: done in 0.0196883 secs using 98.75% CPU
Estimate model parameters (epsilon = 1.000)
1. Initial log-likelihood: -10379.695
2. Current log-likelihood: -10377.206
3. Current log-likelihood: -10374.854
4. Current log-likelihood: -10372.728
5. Current log-likelihood: -10370.805
6. Current log-likelihood: -10369.056
7. Current log-likelihood: -10367.449
8. Current log-likelihood: -10365.980
9. Current log-likelihood: -10364.627
10. Current log-likelihood: -10363.375
11. Current log-likelihood: -10362.214
12. Current log-likelihood: -10361.133
13. Current log-likelihood: -10360.124
Optimal log-likelihood: -10359.145
Rate parameters:  A-C: 1.34175  A-G: 3.75349  A-T: 1.67801  C-G: 0.15168  C-T: 3.64692  G-T: 1.00000
Base frequencies:  A: 0.158  C: 0.308  G: 0.390  T: 0.144
Proportion of invariable sites: 0.228
Gamma shape alpha: 998.446
Parameters optimization took 13 rounds (0.143 sec)
Time for fast ML tree search: 0.272 seconds

NOTE: ModelFinder requires 4 MB RAM!
ModelFinder will test up to 484 DNA models (sample size: 3698) ...
 No. Model         -LnL         df  AIC          AICc         BIC
  1  GTR+F         10336.282    97  20866.565    20871.846    21469.473
  2  GTR+F+I       10336.284    98  20868.567    20873.959    21477.691
  3  GTR+F+G4      10336.334    98  20868.668    20874.060    21477.792
  4  GTR+F+I+G4    10340.578    99  20879.156    20884.659    21494.495
  5  GTR+F+R2      10336.394    99  20870.788    20876.291    21486.127
  6  GTR+F+R3      10336.338    101 20874.676    20880.406    21502.447
 14  GTR+F+I+R2    10338.579    100 20877.158    20882.774    21498.713
 15  GTR+F+I+R3    10337.832    102 20879.663    20885.508    21513.649
 23  SYM           10584.383    94  21356.766    21361.723    21941.028
 24  SYM+I         10584.399    95  21358.798    21363.862    21949.275
 25  SYM+G4        10584.450    95  21358.901    21363.964    21949.378
 45  TVM+F         10336.329    96  20864.658    20869.830    21461.351
 46  TVM+F+I       10336.329    97  20866.658    20871.940    21469.567
 47  TVM+F+G4      10336.382    97  20866.764    20872.045    21469.672
 67  TVMe          10586.172    93  21358.345    21363.196    21936.391
 68  TVMe+I        10586.169    94  21360.339    21365.296    21944.600
 69  TVMe+G4       10586.242    94  21360.484    21365.441    21944.746
 89  TIM3+F        10402.122    95  20994.243    20999.307    21584.720
 90  TIM3+F+I      10402.122    96  20996.243    21001.415    21592.936
 91  TIM3+F+G4     10402.180    96  20996.361    21001.532    21593.053
111  TIM3e         10619.775    92  21423.549    21428.296    21995.380
112  TIM3e+I       10619.776    93  21425.551    21430.403    22003.597
113  TIM3e+G4      10619.846    93  21425.692    21430.543    22003.738
133  TIM2+F        10381.261    95  20952.522    20957.586    21542.999
134  TIM2+F+I      10381.260    96  20954.520    20959.692    21551.213
135  TIM2+F+G4     10381.318    96  20954.637    20959.809    21551.329
155  TIM2e         10607.418    92  21398.836    21403.583    21970.667
156  TIM2e+I       10607.414    93  21400.828    21405.680    21978.874
157  TIM2e+G4      10607.485    93  21400.971    21405.822    21979.017
177  TIM+F         10387.750    95  20965.500    20970.564    21555.977
178  TIM+F+I       10387.750    96  20967.499    20972.671    21564.192
179  TIM+F+G4      10387.808    96  20967.616    20972.788    21564.308
199  TIMe          10607.593    92  21399.186    21403.933    21971.016
200  TIMe+I        10607.600    93  21401.200    21406.051    21979.246
201  TIMe+G4       10607.664    93  21401.329    21406.180    21979.375
221  TPM3u+F       10402.174    94  20992.348    20997.305    21576.610
222  TPM3u+F+I     10402.171    95  20994.342    20999.406    21584.819
223  TPM3u+F+G4    10402.229    95  20994.459    20999.523    21584.936
243  TPM3          10621.536    91  21425.072    21429.716    21990.687
244  TPM3+I        10621.536    92  21427.073    21431.820    21998.903
245  TPM3+G4       10621.609    92  21427.217    21431.964    21999.048
265  TPM2u+F       10381.305    94  20950.610    20955.567    21534.871
266  TPM2u+F+I     10381.306    95  20952.612    20957.676    21543.089
267  TPM2u+F+G4    10381.361    95  20952.722    20957.785    21543.199
287  TPM2          10609.218    91  21400.435    21405.079    21966.050
288  TPM2+I        10609.217    92  21402.435    21407.182    21974.265
289  TPM2+G4       10609.288    92  21402.576    21407.323    21974.407
309  K3Pu+F        10387.795    94  20963.590    20968.547    21547.851
310  K3Pu+F+I      10387.795    95  20965.590    20970.654    21556.067
311  K3Pu+F+G4     10387.853    95  20965.705    20970.769    21556.182
331  K3P           10609.365    91  21400.730    21405.373    21966.345
332  K3P+I         10609.366    92  21402.732    21407.479    21974.563
333  K3P+G4        10609.438    92  21402.876    21407.622    21974.706
353  TN+F          10427.427    94  21042.855    21047.812    21627.116
354  TN+F+I        10427.428    95  21044.855    21049.919    21635.332
355  TN+F+G4       10427.490    95  21044.980    21050.044    21635.457
375  TNe           10626.381    91  21434.763    21439.406    22000.378
376  TNe+I         10626.382    92  21436.763    21441.510    22008.593
377  TNe+G4        10626.453    92  21436.906    21441.653    22008.736
397  HKY+F         10427.474    93  21040.949    21045.800    21618.994
398  HKY+F+I       10427.474    94  21042.949    21047.906    21627.210
399  HKY+F+G4      10427.536    94  21043.073    21048.030    21627.334
419  K2P           10628.155    90  21436.310    21440.851    21995.710
420  K2P+I         10628.155    91  21438.310    21442.954    22003.925
421  K2P+G4        10628.227    91  21438.453    21443.097    22004.068
441  F81+F         10699.186    92  21582.372    21587.119    22154.202
442  F81+F+I       10699.186    93  21584.372    21589.223    22162.418
443  F81+F+G4      10699.257    93  21584.515    21589.366    22162.561
463  JC            10846.798    89  21871.595    21876.035    22424.779
464  JC+I          10846.798    90  21873.595    21878.137    22432.995
465  JC+G4         10846.872    90  21873.744    21878.285    22433.143
Akaike Information Criterion:           TVM+F
Corrected Akaike Information Criterion: TVM+F
Bayesian Information Criterion:         TVM+F
Best-fit model: TVM+F chosen according to BIC

All model information printed to STEC_Clade2.fasta.model.gz
CPU time for ModelFinder: 4.070 seconds (0h:0m:4s)
Wall-clock time for ModelFinder: 4.203 seconds (0h:0m:4s)

NOTE: 0 MB RAM (0 GB) is required!
Estimate model parameters (epsilon = 0.010)
1. Initial log-likelihood: -10336.329
Optimal log-likelihood: -10336.329
Rate parameters:  A-C: 1.30415  A-G: 3.58810  A-T: 1.57529  C-G: 0.15786  C-T: 3.58810  G-T: 1.00000
Base frequencies:  A: 0.158  C: 0.308  G: 0.390  T: 0.144
Parameters optimization took 1 rounds (0.003 sec)
Wrote distance file to... 
BEST SCORE FOUND : -10336.329
Total tree length: 0.246

Total number of iterations: 0
CPU time used for tree search: 0.000 sec (0h:0m:0s)
Wall-clock time used for tree search: 0.000 sec (0h:0m:0s)
Total CPU time used: 0.010 sec (0h:0m:0s)
Total wall-clock time used: 0.013 sec (0h:0m:0s)

Analysis results written to: 
  IQ-TREE report:                STEC_Clade2.fasta.iqtree
  Tree used for ModelFinder:     STEC_Clade2.fasta.treefile
  Screen log file:               STEC_Clade2.fasta.log

Date and Time: Tue Jun 23 16:25:02 2026
